-------------------------------------------------------------------------------
Test set: com.nt.test.ArithmeticOpTest
-------------------------------------------------------------------------------
Tests run: 1, Failures: 0, Errors: 1, Skipped: 0, Time elapsed: 0.011 s <<< FAILURE! -- in com.nt.test.ArithmeticOpTest
com.nt.test.ArithmeticOpTest -- Time elapsed: 0.011 s <<< ERROR!
org.junit.platform.commons.JUnitException: @BeforeAll method 'public void com.nt.test.ArithmeticOpTest.tearOnce()' must be static unless the test class is annotated with @TestInstance(Lifecycle.PER_CLASS).
	at java.base/java.util.ArrayList.forEach(ArrayList.java:1511)
	at java.base/java.util.Collections$UnmodifiableCollection.forEach(Collections.java:1092)
	at java.base/java.util.ArrayList.forEach(ArrayList.java:1511)

