<?xml version="1.0" encoding="UTF-8"?>
<testsuite xmlns:xsi="http://www.w3.org/2001/XMLSchema-instance" xsi:noNamespaceSchemaLocation="https://maven.apache.org/surefire/maven-surefire-plugin/xsd/surefire-test-report.xsd" version="3.0.1" name="com.nt.test.ArithmeticOpTest" time="0.011" tests="1" errors="1" skipped="0" failures="0">
  <properties>
[...]
</properties>
  <testcase name="" classname="com.nt.test.ArithmeticOpTest" time="0.011">
    <error message="@BeforeAll method &apos;public void com.nt.test.ArithmeticOpTest.tearOnce()&apos; must be static unless the test class is annotated with @TestInstance(Lifecycle.PER_CLASS)." type="org.junit.platform.commons.JUnitException"><![CDATA[org.junit.platform.commons.JUnitException: @BeforeAll method 'public void com.nt.test.ArithmeticOpTest.tearOnce()' must be static unless the test class is annotated with @TestInstance(Lifecycle.PER_CLASS).
	at java.base/java.util.ArrayList.forEach(ArrayList.java:1511)
	at java.base/java.util.Collections$UnmodifiableCollection.forEach(Collections.java:1092)
	at java.base/java.util.ArrayList.forEach(ArrayList.java:1511)
]]></error>
  </testcase>
</testsuite>